  Main.cpp
e:\school\mm\jamiemmassignment\main.cpp(414): warning C4018: '<=': signed/unsigned mismatch
e:\school\mm\jamiemmassignment\main.cpp(568): warning C4477: 'printf' : format string '%I64u' requires an argument of type 'unsigned __int64', but variadic argument 1 has type 'RakNet::RakNetGUID'
RakNet_VS2008_LibStatic_Debug_Win32.lib(BitStream.obj) : warning LNK4099: PDB 'RakNet_VS2008_LibStatic_Debug_Win32.pdb' was not found with 'RakNet_VS2008_LibStatic_Debug_Win32.lib(BitStream.obj)' or at 'E:\School\MM\JamieMMAssignment\Temp\Debug\RakNet_VS2008_LibStatic_Debug_Win32.pdb'; linking object as if no debug info
RakNet_VS2008_LibStatic_Debug_Win32.lib(CCRakNetSlidingWindow.obj) : warning LNK4099: PDB 'RakNet_VS2008_LibStatic_Debug_Win32.pdb' was not found with 'RakNet_VS2008_LibStatic_Debug_Win32.lib(CCRakNetSlidingWindow.obj)' or at 'E:\School\MM\JamieMMAssignment\Temp\Debug\RakNet_VS2008_LibStatic_Debug_Win32.pdb'; linking object as if no debug info
RakNet_VS2008_LibStatic_Debug_Win32.lib(DR_SHA1.obj) : warning LNK4099: PDB 'RakNet_VS2008_LibStatic_Debug_Win32.pdb' was not found with 'RakNet_VS2008_LibStatic_Debug_Win32.lib(DR_SHA1.obj)' or at 'E:\School\MM\JamieMMAssignment\Temp\Debug\RakNet_VS2008_LibStatic_Debug_Win32.pdb'; linking object as if no debug info
RakNet_VS2008_LibStatic_Debug_Win32.lib(DS_ByteQueue.obj) : warning LNK4099: PDB 'RakNet_VS2008_LibStatic_Debug_Win32.pdb' was not found with 'RakNet_VS2008_LibStatic_Debug_Win32.lib(DS_ByteQueue.obj)' or at 'E:\School\MM\JamieMMAssignment\Temp\Debug\RakNet_VS2008_LibStatic_Debug_Win32.pdb'; linking object as if no debug info
RakNet_VS2008_LibStatic_Debug_Win32.lib(DS_HuffmanEncodingTree.obj) : warning LNK4099: PDB 'RakNet_VS2008_LibStatic_Debug_Win32.pdb' was not found with 'RakNet_VS2008_LibStatic_Debug_Win32.lib(DS_HuffmanEncodingTree.obj)' or at 'E:\School\MM\JamieMMAssignment\Temp\Debug\RakNet_VS2008_LibStatic_Debug_Win32.pdb'; linking object as if no debug info
RakNet_VS2008_LibStatic_Debug_Win32.lib(GetTime.obj) : warning LNK4099: PDB 'RakNet_VS2008_LibStatic_Debug_Win32.pdb' was not found with 'RakNet_VS2008_LibStatic_Debug_Win32.lib(GetTime.obj)' or at 'E:\School\MM\JamieMMAssignment\Temp\Debug\RakNet_VS2008_LibStatic_Debug_Win32.pdb'; linking object as if no debug info
RakNet_VS2008_LibStatic_Debug_Win32.lib(Itoa.obj) : warning LNK4099: PDB 'RakNet_VS2008_LibStatic_Debug_Win32.pdb' was not found with 'RakNet_VS2008_LibStatic_Debug_Win32.lib(Itoa.obj)' or at 'E:\School\MM\JamieMMAssignment\Temp\Debug\RakNet_VS2008_LibStatic_Debug_Win32.pdb'; linking object as if no debug info
RakNet_VS2008_LibStatic_Debug_Win32.lib(LocklessTypes.obj) : warning LNK4099: PDB 'RakNet_VS2008_LibStatic_Debug_Win32.pdb' was not found with 'RakNet_VS2008_LibStatic_Debug_Win32.lib(LocklessTypes.obj)' or at 'E:\School\MM\JamieMMAssignment\Temp\Debug\RakNet_VS2008_LibStatic_Debug_Win32.pdb'; linking object as if no debug info
RakNet_VS2008_LibStatic_Debug_Win32.lib(PluginInterface2.obj) : warning LNK4099: PDB 'RakNet_VS2008_LibStatic_Debug_Win32.pdb' was not found with 'RakNet_VS2008_LibStatic_Debug_Win32.lib(PluginInterface2.obj)' or at 'E:\School\MM\JamieMMAssignment\Temp\Debug\RakNet_VS2008_LibStatic_Debug_Win32.pdb'; linking object as if no debug info
RakNet_VS2008_LibStatic_Debug_Win32.lib(RakMemoryOverride.obj) : warning LNK4099: PDB 'RakNet_VS2008_LibStatic_Debug_Win32.pdb' was not found with 'RakNet_VS2008_LibStatic_Debug_Win32.lib(RakMemoryOverride.obj)' or at 'E:\School\MM\JamieMMAssignment\Temp\Debug\RakNet_VS2008_LibStatic_Debug_Win32.pdb'; linking object as if no debug info
RakNet_VS2008_LibStatic_Debug_Win32.lib(RakNetSocket2.obj) : warning LNK4099: PDB 'RakNet_VS2008_LibStatic_Debug_Win32.pdb' was not found with 'RakNet_VS2008_LibStatic_Debug_Win32.lib(RakNetSocket2.obj)' or at 'E:\School\MM\JamieMMAssignment\Temp\Debug\RakNet_VS2008_LibStatic_Debug_Win32.pdb'; linking object as if no debug info
RakNet_VS2008_LibStatic_Debug_Win32.lib(RakNetTypes.obj) : warning LNK4099: PDB 'RakNet_VS2008_LibStatic_Debug_Win32.pdb' was not found with 'RakNet_VS2008_LibStatic_Debug_Win32.lib(RakNetTypes.obj)' or at 'E:\School\MM\JamieMMAssignment\Temp\Debug\RakNet_VS2008_LibStatic_Debug_Win32.pdb'; linking object as if no debug info
RakNet_VS2008_LibStatic_Debug_Win32.lib(RakPeer.obj) : warning LNK4099: PDB 'RakNet_VS2008_LibStatic_Debug_Win32.pdb' was not found with 'RakNet_VS2008_LibStatic_Debug_Win32.lib(RakPeer.obj)' or at 'E:\School\MM\JamieMMAssignment\Temp\Debug\RakNet_VS2008_LibStatic_Debug_Win32.pdb'; linking object as if no debug info
RakNet_VS2008_LibStatic_Debug_Win32.lib(RakSleep.obj) : warning LNK4099: PDB 'RakNet_VS2008_LibStatic_Debug_Win32.pdb' was not found with 'RakNet_VS2008_LibStatic_Debug_Win32.lib(RakSleep.obj)' or at 'E:\School\MM\JamieMMAssignment\Temp\Debug\RakNet_VS2008_LibStatic_Debug_Win32.pdb'; linking object as if no debug info
RakNet_VS2008_LibStatic_Debug_Win32.lib(RakString.obj) : warning LNK4099: PDB 'RakNet_VS2008_LibStatic_Debug_Win32.pdb' was not found with 'RakNet_VS2008_LibStatic_Debug_Win32.lib(RakString.obj)' or at 'E:\School\MM\JamieMMAssignment\Temp\Debug\RakNet_VS2008_LibStatic_Debug_Win32.pdb'; linking object as if no debug info
RakNet_VS2008_LibStatic_Debug_Win32.lib(RakThread.obj) : warning LNK4099: PDB 'RakNet_VS2008_LibStatic_Debug_Win32.pdb' was not found with 'RakNet_VS2008_LibStatic_Debug_Win32.lib(RakThread.obj)' or at 'E:\School\MM\JamieMMAssignment\Temp\Debug\RakNet_VS2008_LibStatic_Debug_Win32.pdb'; linking object as if no debug info
RakNet_VS2008_LibStatic_Debug_Win32.lib(Rand.obj) : warning LNK4099: PDB 'RakNet_VS2008_LibStatic_Debug_Win32.pdb' was not found with 'RakNet_VS2008_LibStatic_Debug_Win32.lib(Rand.obj)' or at 'E:\School\MM\JamieMMAssignment\Temp\Debug\RakNet_VS2008_LibStatic_Debug_Win32.pdb'; linking object as if no debug info
RakNet_VS2008_LibStatic_Debug_Win32.lib(ReliabilityLayer.obj) : warning LNK4099: PDB 'RakNet_VS2008_LibStatic_Debug_Win32.pdb' was not found with 'RakNet_VS2008_LibStatic_Debug_Win32.lib(ReliabilityLayer.obj)' or at 'E:\School\MM\JamieMMAssignment\Temp\Debug\RakNet_VS2008_LibStatic_Debug_Win32.pdb'; linking object as if no debug info
RakNet_VS2008_LibStatic_Debug_Win32.lib(SignaledEvent.obj) : warning LNK4099: PDB 'RakNet_VS2008_LibStatic_Debug_Win32.pdb' was not found with 'RakNet_VS2008_LibStatic_Debug_Win32.lib(SignaledEvent.obj)' or at 'E:\School\MM\JamieMMAssignment\Temp\Debug\RakNet_VS2008_LibStatic_Debug_Win32.pdb'; linking object as if no debug info
RakNet_VS2008_LibStatic_Debug_Win32.lib(SimpleMutex.obj) : warning LNK4099: PDB 'RakNet_VS2008_LibStatic_Debug_Win32.pdb' was not found with 'RakNet_VS2008_LibStatic_Debug_Win32.lib(SimpleMutex.obj)' or at 'E:\School\MM\JamieMMAssignment\Temp\Debug\RakNet_VS2008_LibStatic_Debug_Win32.pdb'; linking object as if no debug info
RakNet_VS2008_LibStatic_Debug_Win32.lib(SocketLayer.obj) : warning LNK4099: PDB 'RakNet_VS2008_LibStatic_Debug_Win32.pdb' was not found with 'RakNet_VS2008_LibStatic_Debug_Win32.lib(SocketLayer.obj)' or at 'E:\School\MM\JamieMMAssignment\Temp\Debug\RakNet_VS2008_LibStatic_Debug_Win32.pdb'; linking object as if no debug info
RakNet_VS2008_LibStatic_Debug_Win32.lib(StringCompressor.obj) : warning LNK4099: PDB 'RakNet_VS2008_LibStatic_Debug_Win32.pdb' was not found with 'RakNet_VS2008_LibStatic_Debug_Win32.lib(StringCompressor.obj)' or at 'E:\School\MM\JamieMMAssignment\Temp\Debug\RakNet_VS2008_LibStatic_Debug_Win32.pdb'; linking object as if no debug info
RakNet_VS2008_LibStatic_Debug_Win32.lib(StringTable.obj) : warning LNK4099: PDB 'RakNet_VS2008_LibStatic_Debug_Win32.pdb' was not found with 'RakNet_VS2008_LibStatic_Debug_Win32.lib(StringTable.obj)' or at 'E:\School\MM\JamieMMAssignment\Temp\Debug\RakNet_VS2008_LibStatic_Debug_Win32.pdb'; linking object as if no debug info
RakNet_VS2008_LibStatic_Debug_Win32.lib(SuperFastHash.obj) : warning LNK4099: PDB 'RakNet_VS2008_LibStatic_Debug_Win32.pdb' was not found with 'RakNet_VS2008_LibStatic_Debug_Win32.lib(SuperFastHash.obj)' or at 'E:\School\MM\JamieMMAssignment\Temp\Debug\RakNet_VS2008_LibStatic_Debug_Win32.pdb'; linking object as if no debug info
RakNet_VS2008_LibStatic_Debug_Win32.lib(TCPInterface.obj) : warning LNK4099: PDB 'RakNet_VS2008_LibStatic_Debug_Win32.pdb' was not found with 'RakNet_VS2008_LibStatic_Debug_Win32.lib(TCPInterface.obj)' or at 'E:\School\MM\JamieMMAssignment\Temp\Debug\RakNet_VS2008_LibStatic_Debug_Win32.pdb'; linking object as if no debug info
RakNet_VS2008_LibStatic_Debug_Win32.lib(WSAStartupSingleton.obj) : warning LNK4099: PDB 'RakNet_VS2008_LibStatic_Debug_Win32.pdb' was not found with 'RakNet_VS2008_LibStatic_Debug_Win32.lib(WSAStartupSingleton.obj)' or at 'E:\School\MM\JamieMMAssignment\Temp\Debug\RakNet_VS2008_LibStatic_Debug_Win32.pdb'; linking object as if no debug info
  JamieMMAssignment.vcxproj -> E:\School\MM\JamieMMAssignment\Temp\Debug\JamieMMAssignment.exe
