Main.obj : error LNK2001: unresolved external symbol "public: bool __cdecl RakNet::RakString::Deserialize(class RakNet::BitStream *)" (?Deserialize@RakString@RakNet@@QEAA_NPEAVBitStream@2@@Z)
Main.obj : error LNK2001: unresolved external symbol "public: void __cdecl RakNet::RakString::Serialize(class RakNet::BitStream *)const " (?Serialize@RakString@RakNet@@QEBAXPEAVBitStream@2@@Z)
Main.obj : error LNK2001: unresolved external symbol "public: __cdecl RakNet::RakString::~RakString(void)" (??1RakString@RakNet@@QEAA@XZ)
Main.obj : error LNK2001: unresolved external symbol "public: __cdecl RakNet::RakString::RakString(void)" (??0RakString@RakNet@@QEAA@XZ)
Main.obj : error LNK2001: unresolved external symbol "public: __cdecl RakNet::RakString::RakString(char const *,...)" (??0RakString@RakNet@@QEAA@PEBDZZ)
Main.obj : error LNK2001: unresolved external symbol "public: static bool __cdecl RakNet::IRNS2_Berkley::IsPortInUse(unsigned short,char const *,unsigned short,int)" (?IsPortInUse@IRNS2_Berkley@RakNet@@SA_NGPEBDGH@Z)
Main.obj : error LNK2001: unresolved external symbol "public: static void __cdecl RakNet::BitStream::ReverseBytes(unsigned char *,unsigned char *,unsigned int)" (?ReverseBytes@BitStream@RakNet@@SAXPEAE0I@Z)
Main.obj : error LNK2001: unresolved external symbol "public: static bool __cdecl RakNet::BitStream::IsNetworkOrderInternal(void)" (?IsNetworkOrderInternal@BitStream@RakNet@@SA_NXZ)
Main.obj : error LNK2001: unresolved external symbol "public: bool __cdecl RakNet::BitStream::ReadBits(unsigned char *,unsigned int,bool)" (?ReadBits@BitStream@RakNet@@QEAA_NPEAEI_N@Z)
Main.obj : error LNK2001: unresolved external symbol "public: void __cdecl RakNet::BitStream::WriteBits(unsigned char const *,unsigned int,bool)" (?WriteBits@BitStream@RakNet@@QEAAXPEBEI_N@Z)
Main.obj : error LNK2001: unresolved external symbol "public: __cdecl RakNet::BitStream::~BitStream(void)" (??1BitStream@RakNet@@QEAA@XZ)
Main.obj : error LNK2001: unresolved external symbol "public: __cdecl RakNet::BitStream::BitStream(void)" (??0BitStream@RakNet@@QEAA@XZ)
Main.obj : error LNK2001: unresolved external symbol "public: __cdecl RakNet::BitStream::BitStream(unsigned char *,unsigned int,bool)" (??0BitStream@RakNet@@QEAA@PEAEI_N@Z)
Main.obj : error LNK2001: unresolved external symbol "public: static unsigned long __cdecl RakNet::RakNetGUID::ToUint32(struct RakNet::RakNetGUID const &)" (?ToUint32@RakNetGUID@RakNet@@SAKAEBU12@@Z)
Main.obj : error LNK2001: unresolved external symbol "public: char const * __cdecl RakNet::RakNetGUID::ToString(void)const " (?ToString@RakNetGUID@RakNet@@QEBAPEBDXZ)
Main.obj : error LNK2001: unresolved external symbol "public: __cdecl RakNet::RakNetGUID::RakNetGUID(void)" (??0RakNetGUID@RakNet@@QEAA@XZ)
Main.obj : error LNK2001: unresolved external symbol "public: __cdecl RakNet::SocketDescriptor::SocketDescriptor(void)" (??0SocketDescriptor@RakNet@@QEAA@XZ)
Main.obj : error LNK2001: unresolved external symbol "public: __cdecl RakNet::SocketDescriptor::SocketDescriptor(unsigned short,char const *)" (??0SocketDescriptor@RakNet@@QEAA@GPEBD@Z)
Main.obj : error LNK2001: unresolved external symbol "public: struct RakNet::SystemAddress & __cdecl RakNet::SystemAddress::operator=(struct RakNet::SystemAddress const &)" (??4SystemAddress@RakNet@@QEAAAEAU01@AEBU01@@Z)
Main.obj : error LNK2001: unresolved external symbol "public: char const * __cdecl RakNet::SystemAddress::ToString(bool,char)const " (?ToString@SystemAddress@RakNet@@QEBAPEBD_ND@Z)
Main.obj : error LNK2001: unresolved external symbol "public: __cdecl RakNet::SystemAddress::SystemAddress(void)" (??0SystemAddress@RakNet@@QEAA@XZ)
Main.obj : error LNK2001: unresolved external symbol "public: static class RakNet::RakPeerInterface * __cdecl RakNet::RakPeerInterface::GetInstance(void)" (?GetInstance@RakPeerInterface@RakNet@@SAPEAV12@XZ)
E:\School\MM\JamieMMAssignment\x64\Release\JamieMMAssignment.exe : fatal error LNK1120: 22 unresolved externals
